<?xml version="1.0" encoding="UTF-8"?>
<!-- Generated by org.testng.reporters.JUnitReportReporter -->
<testsuite hostname="DESKTOP-662JNN4" name="com.bank.testscripts.TC002" tests="1" failures="0" timestamp="6 Feb 2020 19:10:44 GMT" time="36.678" errors="0">
  <testcase name="tc001" time="36.678" classname="com.bank.testscripts.TC002"/>
</testsuite> <!-- com.bank.testscripts.TC002 -->
