<?xml version="1.0" encoding="UTF-8"?>
<!-- Generated by org.testng.reporters.JUnitReportReporter -->
<testsuite hostname="DESKTOP-662JNN4" name="com.bank.testscripts.TC001" tests="1" failures="0" timestamp="6 Feb 2020 19:10:44 GMT" time="34.081" errors="0">
  <testcase name="testng" time="34.081" classname="com.bank.testscripts.TC001"/>
</testsuite> <!-- com.bank.testscripts.TC001 -->
